Arguments: 
  /opt/nodejs/12.16.3/bin/node /opt/yarn/1.17.3/bin/yarn.js install

PATH: 
  /usr/local/rvm/gems/ruby-2.7.0/bin:/usr/local/rvm/gems/ruby-2.7.0@global/bin:/usr/local/rvm/rubies/ruby-2.7.0/bin:/usr/local/go/bin:/go/bin:/usr/local/cargo/bin:/home/codespace/.dotnet:/home/codespace/.nvm/current/bin:/home/codespace/.dotnet/tools:/usr/local/sdkman/bin:/usr/local/sdkman/candidates/java/current/bin:/usr/local/sdkman/candidates/gradle/current/bin:/usr/local/sdkman/candidates/maven/current/bin:/usr/local/cargo/bin:/usr/local/go/bin:/go/bin:/usr/local/sbin:/usr/local/bin:/usr/sbin:/usr/bin:/sbin:/bin:/opt/oryx:/opt/nodejs/lts/bin:/opt/dotnet/sdks/lts:/opt/python/latest/bin:/opt/php/lts/bin:/opt/php-composer:/opt/yarn/stable/bin:/opt/hugo/lts:/usr/local/py-utils/bin:/home/codespace/.vscode-remote/bin/eaa959d34b863dec932077d94daece22504a396b/bin:/home/codespace/.vscode-remote/bin/eaa959d34b863dec932077d94daece22504a396b/bin:/home/codespace/.nvm/current/bin:/home/codespace/.dotnet/tools:/usr/local/sdkman/bin:/usr/local/sdkman/candidates/java/current/bin:/usr/local/sdkman/candidates/gradle/current/bin:/usr/local/sdkman/candidates/maven/current/bin:/usr/local/cargo/bin:/usr/local/go/bin:/go/bin:/usr/local/sbin:/usr/local/bin:/usr/sbin:/usr/bin:/sbin:/bin:/opt/oryx:/opt/nodejs/lts/bin:/opt/dotnet/sdks/lts:/opt/python/latest/bin:/opt/php/lts/bin:/opt/php-composer:/opt/yarn/stable/bin:/opt/hugo/lts:/usr/local/py-utils/bin:/home/codespace/.local/bin:/home/codespace/.npm-global/bin:/usr/local/py-utils/bin:/usr/local/rvm/bin

Yarn version: 
  1.17.3

Node version: 
  12.16.3

Platform: 
  linux x64

Trace: 
  Error: ENOENT: no such file or directory, copyfile '/home/codespace/.cache/yarn/v4/npm-ms-2.0.0-5608aeadfc00be6c2901df5f9861788de0d597c8/node_modules/ms/index.js' -> '/home/codespace/workspace/type-challenges-answer/node_modules/eslint-plugin-import/node_modules/ms/index.js'

npm manifest: 
  {
    "name": "type-challenges",
    "private": true,
    "version": "0.0.0",
    "repository": "https://github.com/antfu/type-challenges.git",
    "author": "Anthony Fu <anthonyfu117@hotmail.com>",
    "license": "MIT",
    "scripts": {
      "readme": "esno ./scripts/readme.ts",
      "build": "esno ./scripts/build.ts",
      "translate": "esno ./scripts/translate-cli.ts",
      "utils:release": "pnpm -C utils release"
    },
    "devDependencies": {
      "@antfu/eslint-config-ts": "^0.4.3",
      "@type-challenges/utils": "workspace:*",
      "@types/fs-extra": "^9.0.4",
      "@types/js-yaml": "^3.12.5",
      "@types/lz-string": "^1.3.34",
      "@types/node": "^14.14.11",
      "@typescript-eslint/eslint-plugin": "^4.9.1",
      "@typescript-eslint/parser": "^4.9.1",
      "eslint": "^7.15.0",
      "typescript": "^4.1.2",
      "utility-types": "^3.10.0"
    },
    "dependencies": {
      "esno": "^0.3.0",
      "fast-glob": "^3.2.4",
      "fs-extra": "^9.0.1",
      "js-yaml": "^3.14.1",
      "lz-string": "^1.4.4"
    },
    "eslintConfig": {
      "extends": "@antfu/eslint-config-ts",
      "rules": {
        "import/first": "off",
        "no-unused-vars": "off",
        "@typescript-eslint/no-unused-vars": "off"
      }
    }
  }

yarn manifest: 
  No manifest

Lockfile: 
  No lockfile
